Build started 12.02.2016 3:35:15.
     1>Project "C:\Users\User\Documents\Visual Studio 2013\Projects\KpOs\KpOs\KpOs.vcxproj" on node 2 (Build target(s)).
     1>ClCompile:
         C:\Program Files (x86)\Microsoft Visual Studio 12.0\VC\bin\CL.exe /c /ZI /nologo /W3 /WX- /sdl /Od /Oy- /D _MBCS /Gm /EHsc /RTC1 /MDd /GS /fp:precise /Zc:wchar_t /Zc:forScope /Fo"Debug\\" /Fd"Debug\vc120.pdb" /Gd /TP /analyze- /errorReport:prompt Source.cpp
         Source.cpp
     1>c:\users\user\documents\visual studio 2013\projects\kpos\kpos\freeblocklist.h(51): warning C4018: '<' : signed/unsigned mismatch
     1>c:\users\user\documents\visual studio 2013\projects\kpos\kpos\freeblocklist.h(76): warning C4018: '<' : signed/unsigned mismatch
     1>c:\users\user\documents\visual studio 2013\projects\kpos\kpos\memoryalloc.h(96): warning C4244: 'initializing' : conversion from 'double' to 'virtual_address', possible loss of data
     1>c:\users\user\documents\visual studio 2013\projects\kpos\kpos\memoryalloc.h(151): warning C4018: '<' : signed/unsigned mismatch
     1>c:\users\user\documents\visual studio 2013\projects\kpos\kpos\clockstructure.h(60): warning C4018: '<' : signed/unsigned mismatch
     1>c:\users\user\documents\visual studio 2013\projects\kpos\kpos\clockstructure.h(74): warning C4018: '<' : signed/unsigned mismatch
     1>c:\users\user\documents\visual studio 2013\projects\kpos\kpos\clockstructure.h(119): warning C4018: '<' : signed/unsigned mismatch
     1>c:\users\user\documents\visual studio 2013\projects\kpos\kpos\source.cpp(88): warning C4101: 'MemorySize' : unreferenced local variable
     1>c:\users\user\documents\visual studio 2013\projects\kpos\kpos\memoryalloc.h(143): warning C4715: 'Allocator::FindBrotherBlock' : not all control paths return a value
       Link:
         C:\Program Files (x86)\Microsoft Visual Studio 12.0\VC\bin\link.exe /ERRORREPORT:PROMPT /OUT:"C:\Users\User\Documents\Visual Studio 2013\Projects\KpOs\Debug\KpOs.exe" /INCREMENTAL /NOLOGO kernel32.lib user32.lib gdi32.lib winspool.lib comdlg32.lib advapi32.lib shell32.lib ole32.lib oleaut32.lib uuid.lib odbc32.lib odbccp32.lib /MANIFEST /MANIFESTUAC:"level='asInvoker' uiAccess='false'" /manifest:embed /DEBUG /PDB:"C:\Users\User\Documents\Visual Studio 2013\Projects\KpOs\Debug\KpOs.pdb" /TLBID:1 /DYNAMICBASE /NXCOMPAT /IMPLIB:"C:\Users\User\Documents\Visual Studio 2013\Projects\KpOs\Debug\KpOs.lib" /MACHINE:X86 Debug\Source.obj
         KpOs.vcxproj -> C:\Users\User\Documents\Visual Studio 2013\Projects\KpOs\Debug\KpOs.exe
     1>Done Building Project "C:\Users\User\Documents\Visual Studio 2013\Projects\KpOs\KpOs\KpOs.vcxproj" (Build target(s)).

Build succeeded.

Time Elapsed 00:00:01.61
